An unexpected error has occurred: 'MainWindow' object has no attribute 'start_update_tt_timer'An unexpected error has occurred: 'MainWindow' object has no attribute 'start_update_tt_timer'An unexpected error has occurred: name 'rigol_data_thread' is not definedAn unexpected error has occurred: name 'rigol_data_thread' is not definedAn unexpected error has occurred: RigolDataThread cannot be converted to PyQt5.QtCore.QObject in this contextAn unexpected error has occurred: name 'update_rigol' is not definedAn unexpected error has occurred: name 'update_rigol' is not definedAn unexpected error has occurred: name 'update_rigol' is not definedAn unexpected error has occurred: name 'update_rigol' is not definedAn unexpected error has occurred: 'MainWindow' object has no attribute 'get_rigol_data'An unexpected error has occurred: 'MainWindow' object has no attribute 'update_pressure_plot'An unexpected error has occurred: 'MainWindow' object has no attribute 'update_pressure_plot'An unexpected error has occurred: local variable 'rigol_data_grid_layout' referenced before assignmentAn unexpected error has occurred: local variable 'rigol_data_grid_layout' referenced before assignmentAn unexpected error has occurred: 'MainWindow' object has no attribute 'pressure_plot'An unexpected error has occurred: 'MainWindow' object has no attribute 'eg_read_energy_voltage'An unexpected error has occurred: 'MainWindow' object has no attribute 'eg_read_energy_voltage'An unexpected error has occurred: 'MainWindow' object has no attribute 'eg_read_energy_voltage'An unexpected error has occurred: 'MainWindow' object has no attribute 'eg_read_energy_voltage'An unexpected error has occurred: 'MainWindow' object has no attribute 'eg_read_energy_voltage'An unexpected error has occurred: 'MainWindow' object has no attribute 'eg_read_energy_voltage'An unexpected error has occurred: 'MainWindow' object has no attribute 'eg_read_energy_voltage'An unexpected error has occurred: 'MainWindow' object has no attribute 'eg_read_energy_voltage'An unexpected error has occurred: 'MainWindow' object has no attribute 'eg_read_energy_voltage'An unexpected error has occurred: 'MainWindow' object has no attribute 'eg_read_energy_voltage'An unexpected error has occurred: 'MainWindow' object has no attribute 'eg_read_energy_voltage'An unexpected error has occurred: 'MainWindow' object has no attribute 'eg_read_energy_voltage'An unexpected error has occurred: 'MainWindow' object has no attribute 'eg_read_energy_voltage'An unexpected error has occurred: 'MainWindow' object has no attribute 'eg_read_energy_voltage'An unexpected error has occurred: 'MainWindow' object has no attribute 'eg_read_energy_voltage'An unexpected error has occurred: 'MainWindow' object has no attribute 'eg_read_energy_voltage'An unexpected error has occurred: 'MainWindow' object has no attribute 'eg_read_energy_voltage'An unexpected error has occurred: 'MainWindow' object has no attribute 'eg_read_energy_voltage'An unexpected error has occurred: 'MainWindow' object has no attribute 'color_map_2'An unexpected error has occurred: 'MainWindow' object has no attribute 'color_map_2'An unexpected error has occurred: 'MainWindow' object has no attribute 'color_map_2'An unexpected error has occurred: 'MainWindow' object has no attribute 'prevac_set_fv'An unexpected error has occurred: 'MainWindow' object has no attribute 'prevac_set_fv'An unexpected error has occurred: 'MainWindow' object has no attribute 'prevac_set_fv'An unexpected error has occurred: 'MainWindow' object has no attribute 'prevac_set_fv'An unexpected error has occurred: 'MainWindow' object has no attribute 'prevac_set_fv'An unexpected error has occurred: plotItem_egAn unexpected error has occurred: plotItem_egAn unexpected error has occurred: plotItem_egAn unexpected error has occurred: plotItem_eg
An unexpected error has occurred: local variable 'storage_button_grid_layout' referenced before assignment
An unexpected error has occurred: local variable 'storage_button_grid_layout' referenced before assignment
An unexpected error has occurred: 'QGroupBox' object has no attribute 'addWidget'
An unexpected error has occurred: 'QGroupBox' object has no attribute 'addWidget'
An unexpected error has occurred: 'QGroupBox' object has no attribute 'addWidget'
An unexpected error has occurred: 'QGroupBox' object has no attribute 'addWidget'
An unexpected error has occurred: 'QGroupBox' object has no attribute 'addWidget'
An unexpected error has occurred: 'QGroupBox' object has no attribute 'addWidget'
An unexpected error has occurred: 'QGroupBox' object has no attribute 'addWidget'
An unexpected error has occurred: 'QGroupBox' object has no attribute 'addWidget'
An unexpected error has occurred: 'QGroupBox' object has no attribute 'addWidget'
An unexpected error has occurred: 'QGroupBox' object has no attribute 'addWidget'
An unexpected error has occurred: 'MainWindow' object has no attribute 'logging_duration_button_group'
An unexpected error has occurred: 'MainWindow' object has no attribute 'logging_duration_button_group'
An unexpected error has occurred: 'QGroupBox' object has no attribute 'setExclusive'
An unexpected error has occurred: name 'logging_duration_button_grid_layout' is not defined
An unexpected error has occurred: 'QGroupBox' object has no attribute 'setExclusive'
An unexpected error has occurred: name 'font' is not defined
An unexpected error has occurred: name 'font' is not defined
An unexpected error has occurred: name 'font' is not defined
An unexpected error has occurred: name 'font' is not defined
An unexpected error has occurred: name 'font' is not defined
An unexpected error has occurred: name 'font' is not defined
An unexpected error has occurred: name 'font' is not defined
An unexpected error has occurred: name 'font' is not defined
An unexpected error has occurred: name 'font' is not defined
An unexpected error has occurred: 'MainWindow' object has no attribute 'times1'
An unexpected error has occurred: 'MainWindow' object has no attribute 'data1'
An unexpected error has occurred: 'MainWindow' object has no attribute 'calculate_average_in_background'
An unexpected error has occurred: 'MainWindow' object has no attribute 'calculate_average_in_background'
An unexpected error has occurred: 'QButtonGroup' object has no attribute 'setLayout'
An unexpected error has occurred: 'QButtonGroup' object has no attribute 'setLayout'